<?xml version="1.0" encoding="UTF-8"?>
<!-- Generated by org.testng.reporters.JUnitXMLReporter -->
<testsuite ignored="1" hostname="DESKTOP-2N6HIKN" failures="1" tests="5" name="Test" time="18.421" errors="0" timestamp="2022-06-28T04:17:18 BST">
  <testcase classname="testCases.TC4_VerifyFlightsListed" name="selectTravelType" time="0.051"/>
  <testcase classname="testCases.TC4_VerifyFlightsListed" name="userEnterTravelDetails" time="2.39"/>
  <testcase classname="testCases.TC4_VerifyFlightsListed" name="clickFindFlights" time="2.003"/>
  <testcase classname="testCases.TC4_VerifyFlightsListed" name="verifyFlightsListed" time="2.691">
    <failure type="java.lang.AssertionError" message="flights are not listing as expected expected [true] but found [false]">
      <![CDATA[java.lang.AssertionError: flights are not listing as expected expected [true] but found [false]
at testCases.TC4_VerifyFlightsListed.verifyFlightsListed(TC4_VerifyFlightsListed.java:48)
at java.base/java.util.ArrayList.forEach(ArrayList.java:1511)
... Removed 28 stack frames]]>
    </failure>
  </testcase> <!-- verifyFlightsListed -->
  <testcase classname="testCases.TC5_VerifyOneWay" name="verify" time="0.032"/>
  <testcase classname="baseClass.BaseClass" name="@BeforeSuite reportSetUp" time="0.0">
    <ignored/>
  </testcase> <!-- @BeforeSuite reportSetUp -->
</testsuite> <!-- Test -->
