<?xml version="1.0" encoding="UTF-8"?>
<testng-results ignored="1" total="6" passed="4" failed="1" skipped="0">
  <reporter-output>
  </reporter-output>
  <suite started-at="2022-06-28T04:16:59 BST" name="Suite" finished-at="2022-06-28T04:17:18 BST" duration-ms="18421">
    <groups>
    </groups>
    <test started-at="2022-06-28T04:16:59 BST" name="Test" finished-at="2022-06-28T04:17:18 BST" duration-ms="18421">
      <class name="testCases.TC5_VerifyOneWay">
        <test-method is-config="true" signature="setup()[pri:0, instance:testCases.TC5_VerifyOneWay@128d2484]" started-at="2022-06-28T04:17:13 BST" name="setup" finished-at="2022-06-28T04:17:17 BST" duration-ms="4420" status="PASS">
          <reporter-output>
          </reporter-output>
        </test-method> <!-- setup -->
        <test-method signature="verify()[pri:0, instance:testCases.TC5_VerifyOneWay@128d2484]" started-at="2022-06-28T04:17:17 BST" name="verify" finished-at="2022-06-28T04:17:17 BST" duration-ms="32" status="PASS">
          <reporter-output>
          </reporter-output>
        </test-method> <!-- verify -->
        <test-method is-config="true" signature="stepStatus(org.testng.ITestResult)[pri:0, instance:testCases.TC5_VerifyOneWay@128d2484]" started-at="2022-06-28T04:17:17 BST" name="stepStatus" finished-at="2022-06-28T04:17:17 BST" duration-ms="43" status="PASS">
          <params>
            <param index="0">
              <value>
                <![CDATA[[TestResult name=verify status=SUCCESS method=TC5_VerifyOneWay.verify()[pri:0, instance:testCases.TC5_VerifyOneWay@128d2484] output={null}]]]>
              </value>
            </param>
          </params>
          <reporter-output>
          </reporter-output>
        </test-method> <!-- stepStatus -->
        <test-method is-config="true" signature="terminateBrowser()[pri:0, instance:testCases.TC5_VerifyOneWay@128d2484]" started-at="2022-06-28T04:17:17 BST" name="terminateBrowser" finished-at="2022-06-28T04:17:18 BST" duration-ms="154" status="PASS">
          <reporter-output>
          </reporter-output>
        </test-method> <!-- terminateBrowser -->
      </class> <!-- testCases.TC5_VerifyOneWay -->
      <class name="testCases.TC4_VerifyFlightsListed">
        <test-method is-config="true" signature="reportSetUp()[pri:0, instance:testCases.TC4_VerifyFlightsListed@2a65fe7c]" started-at="2022-06-28T04:16:59 BST" name="reportSetUp" finished-at="2022-06-28T04:16:59 BST" duration-ms="148" status="PASS">
          <reporter-output>
          </reporter-output>
        </test-method> <!-- reportSetUp -->
        <test-method is-config="true" signature="setup()[pri:0, instance:testCases.TC4_VerifyFlightsListed@2a65fe7c]" started-at="2022-06-28T04:16:59 BST" name="setup" finished-at="2022-06-28T04:17:05 BST" duration-ms="5821" status="PASS">
          <reporter-output>
          </reporter-output>
        </test-method> <!-- setup -->
        <test-method signature="selectTravelType()[pri:0, instance:testCases.TC4_VerifyFlightsListed@2a65fe7c]" started-at="2022-06-28T04:17:05 BST" name="selectTravelType" finished-at="2022-06-28T04:17:05 BST" duration-ms="51" status="PASS">
          <reporter-output>
          </reporter-output>
        </test-method> <!-- selectTravelType -->
        <test-method is-config="true" signature="stepStatus(org.testng.ITestResult)[pri:0, instance:testCases.TC4_VerifyFlightsListed@2a65fe7c]" started-at="2022-06-28T04:17:05 BST" name="stepStatus" finished-at="2022-06-28T04:17:05 BST" duration-ms="226" status="PASS">
          <params>
            <param index="0">
              <value>
                <![CDATA[[TestResult name=selectTravelType status=SUCCESS method=TC4_VerifyFlightsListed.selectTravelType()[pri:0, instance:testCases.TC4_VerifyFlightsListed@2a65fe7c] output={null}]]]>
              </value>
            </param>
          </params>
          <reporter-output>
          </reporter-output>
        </test-method> <!-- stepStatus -->
        <test-method signature="userEnterTravelDetails()[pri:0, instance:testCases.TC4_VerifyFlightsListed@2a65fe7c]" started-at="2022-06-28T04:17:05 BST" name="userEnterTravelDetails" finished-at="2022-06-28T04:17:08 BST" depends-on-methods="testCases.TC4_VerifyFlightsListed.selectTravelType" duration-ms="2390" status="PASS">
          <reporter-output>
          </reporter-output>
        </test-method> <!-- userEnterTravelDetails -->
        <test-method is-config="true" signature="stepStatus(org.testng.ITestResult)[pri:0, instance:testCases.TC4_VerifyFlightsListed@2a65fe7c]" started-at="2022-06-28T04:17:08 BST" name="stepStatus" finished-at="2022-06-28T04:17:08 BST" duration-ms="55" status="PASS">
          <params>
            <param index="0">
              <value>
                <![CDATA[[TestResult name=userEnterTravelDetails status=SUCCESS method=TC4_VerifyFlightsListed.userEnterTravelDetails()[pri:0, instance:testCases.TC4_VerifyFlightsListed@2a65fe7c] output={null}]]]>
              </value>
            </param>
          </params>
          <reporter-output>
          </reporter-output>
        </test-method> <!-- stepStatus -->
        <test-method signature="clickFindFlights()[pri:0, instance:testCases.TC4_VerifyFlightsListed@2a65fe7c]" started-at="2022-06-28T04:17:08 BST" name="clickFindFlights" finished-at="2022-06-28T04:17:10 BST" depends-on-methods="testCases.TC4_VerifyFlightsListed.userEnterTravelDetails" duration-ms="2003" status="PASS">
          <reporter-output>
          </reporter-output>
        </test-method> <!-- clickFindFlights -->
        <test-method is-config="true" signature="stepStatus(org.testng.ITestResult)[pri:0, instance:testCases.TC4_VerifyFlightsListed@2a65fe7c]" started-at="2022-06-28T04:17:10 BST" name="stepStatus" finished-at="2022-06-28T04:17:10 BST" duration-ms="63" status="PASS">
          <params>
            <param index="0">
              <value>
                <![CDATA[[TestResult name=clickFindFlights status=SUCCESS method=TC4_VerifyFlightsListed.clickFindFlights()[pri:0, instance:testCases.TC4_VerifyFlightsListed@2a65fe7c] output={null}]]]>
              </value>
            </param>
          </params>
          <reporter-output>
          </reporter-output>
        </test-method> <!-- stepStatus -->
        <test-method signature="verifyFlightsListed()[pri:0, instance:testCases.TC4_VerifyFlightsListed@2a65fe7c]" started-at="2022-06-28T04:17:10 BST" name="verifyFlightsListed" finished-at="2022-06-28T04:17:12 BST" depends-on-methods="testCases.TC4_VerifyFlightsListed.clickFindFlights" duration-ms="2691" status="FAIL">
          <exception class="java.lang.AssertionError">
            <message>
              <![CDATA[flights are not listing as expected expected [true] but found [false]]]>
            </message>
            <full-stacktrace>
              <![CDATA[java.lang.AssertionError: flights are not listing as expected expected [true] but found [false]
at org.testng.Assert.fail(Assert.java:99)
at org.testng.Assert.failNotEquals(Assert.java:1037)
at org.testng.Assert.assertTrue(Assert.java:45)
at testCases.TC4_VerifyFlightsListed.verifyFlightsListed(TC4_VerifyFlightsListed.java:48)
at java.base/jdk.internal.reflect.DirectMethodHandleAccessor.invoke(DirectMethodHandleAccessor.java:104)
at java.base/java.lang.reflect.Method.invoke(Method.java:577)
at org.testng.internal.MethodInvocationHelper.invokeMethod(MethodInvocationHelper.java:133)
at org.testng.internal.TestInvoker.invokeMethod(TestInvoker.java:598)
at org.testng.internal.TestInvoker.invokeTestMethod(TestInvoker.java:173)
at org.testng.internal.MethodRunner.runInSequence(MethodRunner.java:46)
at org.testng.internal.TestInvoker$MethodInvocationAgent.invoke(TestInvoker.java:824)
at org.testng.internal.TestInvoker.invokeTestMethods(TestInvoker.java:146)
at org.testng.internal.TestMethodWorker.invokeTestMethods(TestMethodWorker.java:146)
at org.testng.internal.TestMethodWorker.run(TestMethodWorker.java:128)
at java.base/java.util.ArrayList.forEach(ArrayList.java:1511)
at org.testng.TestRunner.privateRun(TestRunner.java:794)
at org.testng.TestRunner.run(TestRunner.java:596)
at org.testng.SuiteRunner.runTest(SuiteRunner.java:377)
at org.testng.SuiteRunner.runSequentially(SuiteRunner.java:371)
at org.testng.SuiteRunner.privateRun(SuiteRunner.java:332)
at org.testng.SuiteRunner.run(SuiteRunner.java:276)
at org.testng.SuiteRunnerWorker.runSuite(SuiteRunnerWorker.java:53)
at org.testng.SuiteRunnerWorker.run(SuiteRunnerWorker.java:96)
at org.testng.TestNG.runSuitesSequentially(TestNG.java:1212)
at org.testng.TestNG.runSuitesLocally(TestNG.java:1134)
at org.testng.TestNG.runSuites(TestNG.java:1063)
at org.testng.TestNG.run(TestNG.java:1031)
at org.testng.remote.AbstractRemoteTestNG.run(AbstractRemoteTestNG.java:115)
at org.testng.remote.RemoteTestNG.initAndRun(RemoteTestNG.java:251)
at org.testng.remote.RemoteTestNG.main(RemoteTestNG.java:77)
]]>
            </full-stacktrace>
          </exception> <!-- java.lang.AssertionError -->
          <reporter-output>
          </reporter-output>
        </test-method> <!-- verifyFlightsListed -->
        <test-method is-config="true" signature="stepStatus(org.testng.ITestResult)[pri:0, instance:testCases.TC4_VerifyFlightsListed@2a65fe7c]" started-at="2022-06-28T04:17:12 BST" name="stepStatus" finished-at="2022-06-28T04:17:13 BST" duration-ms="289" status="PASS">
          <params>
            <param index="0">
              <value>
                <![CDATA[[TestResult name=verifyFlightsListed status=FAILURE method=TC4_VerifyFlightsListed.verifyFlightsListed()[pri:0, instance:testCases.TC4_VerifyFlightsListed@2a65fe7c] output={null}]]]>
              </value>
            </param>
          </params>
          <reporter-output>
          </reporter-output>
        </test-method> <!-- stepStatus -->
        <test-method is-config="true" signature="terminateBrowser()[pri:0, instance:testCases.TC4_VerifyFlightsListed@2a65fe7c]" started-at="2022-06-28T04:17:13 BST" name="terminateBrowser" finished-at="2022-06-28T04:17:13 BST" duration-ms="156" status="PASS">
          <reporter-output>
          </reporter-output>
        </test-method> <!-- terminateBrowser -->
      </class> <!-- testCases.TC4_VerifyFlightsListed -->
    </test> <!-- Test -->
  </suite> <!-- Suite -->
</testng-results>
